<?xml version="1.0" encoding="UTF-8"?>
<testng-results ignored="0" total="2" passed="2" failed="0" skipped="0">
  <reporter-output>
  </reporter-output>
  <suite started-at="2024-09-05T12:15:28 IST" name="OpenCart suite" finished-at="2024-09-05T12:16:46 IST" duration-ms="77747">
    <groups>
      <group name="regression">
        <method signature="Tcc_001AccountRegistration.Account_registrationTest()[pri:0, instance:testCases.Tcc_001AccountRegistration@294425a7]" name="Account_registrationTest" class="testCases.Tcc_001AccountRegistration"/>
        <method signature="Tcc_002LoginTest.login_Test()[pri:0, instance:testCases.Tcc_002LoginTest@5876a9af]" name="login_Test" class="testCases.Tcc_002LoginTest"/>
      </group> <!-- regression -->
      <group name="sanity">
        <method signature="Tcc_002LoginTest.login_Test()[pri:0, instance:testCases.Tcc_002LoginTest@5876a9af]" name="login_Test" class="testCases.Tcc_002LoginTest"/>
      </group> <!-- sanity -->
      <group name="master">
        <method signature="Tcc_001AccountRegistration.Account_registrationTest()[pri:0, instance:testCases.Tcc_001AccountRegistration@294425a7]" name="Account_registrationTest" class="testCases.Tcc_001AccountRegistration"/>
        <method signature="Tcc_002LoginTest.login_Test()[pri:0, instance:testCases.Tcc_002LoginTest@5876a9af]" name="login_Test" class="testCases.Tcc_002LoginTest"/>
      </group> <!-- master -->
    </groups>
    <test started-at="2024-09-05T12:15:28 IST" name="Opencart Test" finished-at="2024-09-05T12:16:46 IST" duration-ms="77747">
      <class name="testCases.Tcc_001AccountRegistration">
        <test-method is-config="true" signature="setUp(java.lang.String,java.lang.String)[pri:0, instance:testCases.Tcc_001AccountRegistration@294425a7]" started-at="2024-09-05T12:15:29 IST" name="setUp" finished-at="2024-09-05T12:16:11 IST" duration-ms="41775" status="PASS">
          <params>
            <param index="0">
              <value>
                <![CDATA[windows]]>
              </value>
            </param>
            <param index="1">
              <value>
                <![CDATA[chrome]]>
              </value>
            </param>
          </params>
          <reporter-output>
          </reporter-output>
        </test-method> <!-- setUp -->
        <test-method signature="Account_registrationTest()[pri:0, instance:testCases.Tcc_001AccountRegistration@294425a7]" started-at="2024-09-05T12:16:11 IST" name="Account_registrationTest" finished-at="2024-09-05T12:16:22 IST" duration-ms="11582" status="PASS">
          <reporter-output>
          </reporter-output>
        </test-method> <!-- Account_registrationTest -->
        <test-method is-config="true" signature="tearDown()[pri:0, instance:testCases.Tcc_001AccountRegistration@294425a7]" started-at="2024-09-05T12:16:22 IST" name="tearDown" finished-at="2024-09-05T12:16:24 IST" duration-ms="1249" status="PASS">
          <reporter-output>
          </reporter-output>
        </test-method> <!-- tearDown -->
      </class> <!-- testCases.Tcc_001AccountRegistration -->
      <class name="testCases.Tcc_002LoginTest">
        <test-method is-config="true" signature="setUp(java.lang.String,java.lang.String)[pri:0, instance:testCases.Tcc_002LoginTest@5876a9af]" started-at="2024-09-05T12:16:24 IST" name="setUp" finished-at="2024-09-05T12:16:41 IST" duration-ms="17361" status="PASS">
          <params>
            <param index="0">
              <value>
                <![CDATA[windows]]>
              </value>
            </param>
            <param index="1">
              <value>
                <![CDATA[chrome]]>
              </value>
            </param>
          </params>
          <reporter-output>
          </reporter-output>
        </test-method> <!-- setUp -->
        <test-method signature="login_Test()[pri:0, instance:testCases.Tcc_002LoginTest@5876a9af]" started-at="2024-09-05T12:16:41 IST" name="login_Test" finished-at="2024-09-05T12:16:45 IST" duration-ms="3807" status="PASS">
          <reporter-output>
          </reporter-output>
        </test-method> <!-- login_Test -->
        <test-method is-config="true" signature="tearDown()[pri:0, instance:testCases.Tcc_002LoginTest@5876a9af]" started-at="2024-09-05T12:16:45 IST" name="tearDown" finished-at="2024-09-05T12:16:46 IST" duration-ms="902" status="PASS">
          <reporter-output>
          </reporter-output>
        </test-method> <!-- tearDown -->
      </class> <!-- testCases.Tcc_002LoginTest -->
    </test> <!-- Opencart Test -->
  </suite> <!-- OpenCart suite -->
</testng-results>
