<?xml version="1.0" encoding="UTF-8"?>
<testng-results ignored="0" total="2" passed="2" failed="0" skipped="0">
  <reporter-output>
  </reporter-output>
  <suite started-at="2024-08-16T19:49:13 IST" name="OpenCart suite" finished-at="2024-08-16T19:50:55 IST" duration-ms="101790">
    <groups>
      <group name="regression">
        <method signature="Tcc_001AccountRegistration.Account_registrationTest()[pri:0, instance:testCases.Tcc_001AccountRegistration@2d1ef81a]" name="Account_registrationTest" class="testCases.Tcc_001AccountRegistration"/>
        <method signature="Tcc_002LoginTest.login_Test()[pri:0, instance:testCases.Tcc_002LoginTest@7586beff]" name="login_Test" class="testCases.Tcc_002LoginTest"/>
      </group> <!-- regression -->
      <group name="sanity">
        <method signature="Tcc_002LoginTest.login_Test()[pri:0, instance:testCases.Tcc_002LoginTest@7586beff]" name="login_Test" class="testCases.Tcc_002LoginTest"/>
      </group> <!-- sanity -->
      <group name="master">
        <method signature="Tcc_001AccountRegistration.Account_registrationTest()[pri:0, instance:testCases.Tcc_001AccountRegistration@2d1ef81a]" name="Account_registrationTest" class="testCases.Tcc_001AccountRegistration"/>
        <method signature="Tcc_002LoginTest.login_Test()[pri:0, instance:testCases.Tcc_002LoginTest@7586beff]" name="login_Test" class="testCases.Tcc_002LoginTest"/>
      </group> <!-- master -->
    </groups>
    <test started-at="2024-08-16T19:49:13 IST" name="Opencart Test" finished-at="2024-08-16T19:50:55 IST" duration-ms="101790">
      <class name="testCases.Tcc_001AccountRegistration">
        <test-method is-config="true" signature="setUp(java.lang.String,java.lang.String)[pri:0, instance:testCases.Tcc_001AccountRegistration@2d1ef81a]" started-at="2024-08-16T19:49:14 IST" name="setUp" finished-at="2024-08-16T19:50:02 IST" duration-ms="48316" status="PASS">
          <params>
            <param index="0">
              <value>
                <![CDATA[windows]]>
              </value>
            </param>
            <param index="1">
              <value>
                <![CDATA[chrome]]>
              </value>
            </param>
          </params>
          <reporter-output>
          </reporter-output>
        </test-method> <!-- setUp -->
        <test-method signature="Account_registrationTest()[pri:0, instance:testCases.Tcc_001AccountRegistration@2d1ef81a]" started-at="2024-08-16T19:50:02 IST" name="Account_registrationTest" finished-at="2024-08-16T19:50:26 IST" duration-ms="24228" status="PASS">
          <reporter-output>
          </reporter-output>
        </test-method> <!-- Account_registrationTest -->
        <test-method is-config="true" signature="tearDown()[pri:0, instance:testCases.Tcc_001AccountRegistration@2d1ef81a]" started-at="2024-08-16T19:50:26 IST" name="tearDown" finished-at="2024-08-16T19:50:28 IST" duration-ms="1534" status="PASS">
          <reporter-output>
          </reporter-output>
        </test-method> <!-- tearDown -->
      </class> <!-- testCases.Tcc_001AccountRegistration -->
      <class name="testCases.Tcc_002LoginTest">
        <test-method is-config="true" signature="setUp(java.lang.String,java.lang.String)[pri:0, instance:testCases.Tcc_002LoginTest@7586beff]" started-at="2024-08-16T19:50:28 IST" name="setUp" finished-at="2024-08-16T19:50:51 IST" duration-ms="23014" status="PASS">
          <params>
            <param index="0">
              <value>
                <![CDATA[windows]]>
              </value>
            </param>
            <param index="1">
              <value>
                <![CDATA[chrome]]>
              </value>
            </param>
          </params>
          <reporter-output>
          </reporter-output>
        </test-method> <!-- setUp -->
        <test-method signature="login_Test()[pri:0, instance:testCases.Tcc_002LoginTest@7586beff]" started-at="2024-08-16T19:50:51 IST" name="login_Test" finished-at="2024-08-16T19:50:54 IST" duration-ms="2864" status="PASS">
          <reporter-output>
          </reporter-output>
        </test-method> <!-- login_Test -->
        <test-method is-config="true" signature="tearDown()[pri:0, instance:testCases.Tcc_002LoginTest@7586beff]" started-at="2024-08-16T19:50:54 IST" name="tearDown" finished-at="2024-08-16T19:50:55 IST" duration-ms="1055" status="PASS">
          <reporter-output>
          </reporter-output>
        </test-method> <!-- tearDown -->
      </class> <!-- testCases.Tcc_002LoginTest -->
    </test> <!-- Opencart Test -->
  </suite> <!-- OpenCart suite -->
</testng-results>
